E:\PROJECT_2017_VS\SIMPLERECORDERANDPLAYER\WIN_RECORDERANDPLAYER\DEBUG\WIN_RECORDERANDPLAYER.EXE
E:\PROJECT_2017_VS\SIMPLERECORDERANDPLAYER\WIN_RECORDERANDPLAYER\DEBUG\WIN_RECORDERANDPLAYER.ILK
E:\PROJECT_2017_VS\SIMPLERECORDERANDPLAYER\WIN_RECORDERANDPLAYER\DEBUG\WIN_RECORDERANDPLAYER.PDB
E:\Project_2017_VS\SimpleRecorderAndPlayer\Win_RecorderAndPlayer\Win_RecorderAndPlayer\Debug\cl.command.1.tlog
E:\Project_2017_VS\SimpleRecorderAndPlayer\Win_RecorderAndPlayer\Win_RecorderAndPlayer\Debug\CL.read.1.tlog
E:\Project_2017_VS\SimpleRecorderAndPlayer\Win_RecorderAndPlayer\Win_RecorderAndPlayer\Debug\CL.write.1.tlog
E:\Project_2017_VS\SimpleRecorderAndPlayer\Win_RecorderAndPlayer\Win_RecorderAndPlayer\Debug\link.10184.read.1.tlog
E:\Project_2017_VS\SimpleRecorderAndPlayer\Win_RecorderAndPlayer\Win_RecorderAndPlayer\Debug\link.10184.write.1.tlog
E:\Project_2017_VS\SimpleRecorderAndPlayer\Win_RecorderAndPlayer\Win_RecorderAndPlayer\Debug\link.10184-cvtres.read.1.tlog
E:\Project_2017_VS\SimpleRecorderAndPlayer\Win_RecorderAndPlayer\Win_RecorderAndPlayer\Debug\link.10184-cvtres.write.1.tlog
E:\Project_2017_VS\SimpleRecorderAndPlayer\Win_RecorderAndPlayer\Win_RecorderAndPlayer\Debug\link.10988.read.1.tlog
E:\Project_2017_VS\SimpleRecorderAndPlayer\Win_RecorderAndPlayer\Win_RecorderAndPlayer\Debug\link.10988.write.1.tlog
E:\Project_2017_VS\SimpleRecorderAndPlayer\Win_RecorderAndPlayer\Win_RecorderAndPlayer\Debug\link.10988-cvtres.read.1.tlog
E:\Project_2017_VS\SimpleRecorderAndPlayer\Win_RecorderAndPlayer\Win_RecorderAndPlayer\Debug\link.10988-cvtres.write.1.tlog
E:\Project_2017_VS\SimpleRecorderAndPlayer\Win_RecorderAndPlayer\Win_RecorderAndPlayer\Debug\link.16536.read.1.tlog
E:\Project_2017_VS\SimpleRecorderAndPlayer\Win_RecorderAndPlayer\Win_RecorderAndPlayer\Debug\link.16536.write.1.tlog
E:\Project_2017_VS\SimpleRecorderAndPlayer\Win_RecorderAndPlayer\Win_RecorderAndPlayer\Debug\link.16536-cvtres.read.1.tlog
E:\Project_2017_VS\SimpleRecorderAndPlayer\Win_RecorderAndPlayer\Win_RecorderAndPlayer\Debug\link.16536-cvtres.write.1.tlog
E:\Project_2017_VS\SimpleRecorderAndPlayer\Win_RecorderAndPlayer\Win_RecorderAndPlayer\Debug\link.2272.read.1.tlog
E:\Project_2017_VS\SimpleRecorderAndPlayer\Win_RecorderAndPlayer\Win_RecorderAndPlayer\Debug\link.2272.write.1.tlog
E:\Project_2017_VS\SimpleRecorderAndPlayer\Win_RecorderAndPlayer\Win_RecorderAndPlayer\Debug\link.2272-cvtres.read.1.tlog
E:\Project_2017_VS\SimpleRecorderAndPlayer\Win_RecorderAndPlayer\Win_RecorderAndPlayer\Debug\link.2272-cvtres.write.1.tlog
E:\Project_2017_VS\SimpleRecorderAndPlayer\Win_RecorderAndPlayer\Win_RecorderAndPlayer\Debug\link.3200.read.1.tlog
E:\Project_2017_VS\SimpleRecorderAndPlayer\Win_RecorderAndPlayer\Win_RecorderAndPlayer\Debug\link.3200.write.1.tlog
E:\Project_2017_VS\SimpleRecorderAndPlayer\Win_RecorderAndPlayer\Win_RecorderAndPlayer\Debug\link.3200-cvtres.read.1.tlog
E:\Project_2017_VS\SimpleRecorderAndPlayer\Win_RecorderAndPlayer\Win_RecorderAndPlayer\Debug\link.3200-cvtres.write.1.tlog
E:\Project_2017_VS\SimpleRecorderAndPlayer\Win_RecorderAndPlayer\Win_RecorderAndPlayer\Debug\link.4860.read.1.tlog
E:\Project_2017_VS\SimpleRecorderAndPlayer\Win_RecorderAndPlayer\Win_RecorderAndPlayer\Debug\link.4860.write.1.tlog
E:\Project_2017_VS\SimpleRecorderAndPlayer\Win_RecorderAndPlayer\Win_RecorderAndPlayer\Debug\link.4860-cvtres.read.1.tlog
E:\Project_2017_VS\SimpleRecorderAndPlayer\Win_RecorderAndPlayer\Win_RecorderAndPlayer\Debug\link.4860-cvtres.write.1.tlog
E:\Project_2017_VS\SimpleRecorderAndPlayer\Win_RecorderAndPlayer\Win_RecorderAndPlayer\Debug\link.7912.read.1.tlog
E:\Project_2017_VS\SimpleRecorderAndPlayer\Win_RecorderAndPlayer\Win_RecorderAndPlayer\Debug\link.7912.write.1.tlog
E:\Project_2017_VS\SimpleRecorderAndPlayer\Win_RecorderAndPlayer\Win_RecorderAndPlayer\Debug\link.7912-cvtres.read.1.tlog
E:\Project_2017_VS\SimpleRecorderAndPlayer\Win_RecorderAndPlayer\Win_RecorderAndPlayer\Debug\link.7912-cvtres.write.1.tlog
E:\Project_2017_VS\SimpleRecorderAndPlayer\Win_RecorderAndPlayer\Win_RecorderAndPlayer\Debug\link.9128.read.1.tlog
E:\Project_2017_VS\SimpleRecorderAndPlayer\Win_RecorderAndPlayer\Win_RecorderAndPlayer\Debug\link.9128.write.1.tlog
E:\Project_2017_VS\SimpleRecorderAndPlayer\Win_RecorderAndPlayer\Win_RecorderAndPlayer\Debug\link.9128-cvtres.read.1.tlog
E:\Project_2017_VS\SimpleRecorderAndPlayer\Win_RecorderAndPlayer\Win_RecorderAndPlayer\Debug\link.9128-cvtres.write.1.tlog
E:\Project_2017_VS\SimpleRecorderAndPlayer\Win_RecorderAndPlayer\Win_RecorderAndPlayer\Debug\link.command.1.tlog
E:\Project_2017_VS\SimpleRecorderAndPlayer\Win_RecorderAndPlayer\Win_RecorderAndPlayer\Debug\link.read.1.tlog
E:\Project_2017_VS\SimpleRecorderAndPlayer\Win_RecorderAndPlayer\Win_RecorderAndPlayer\Debug\link.write.1.tlog
E:\Project_2017_VS\SimpleRecorderAndPlayer\Win_RecorderAndPlayer\Win_RecorderAndPlayer\Debug\link-cvtres.read.1.tlog
E:\Project_2017_VS\SimpleRecorderAndPlayer\Win_RecorderAndPlayer\Win_RecorderAndPlayer\Debug\link-cvtres.write.1.tlog
E:\Project_2017_VS\SimpleRecorderAndPlayer\Win_RecorderAndPlayer\Win_RecorderAndPlayer\Debug\mt.command.1.tlog
E:\Project_2017_VS\SimpleRecorderAndPlayer\Win_RecorderAndPlayer\Win_RecorderAndPlayer\Debug\mt.read.1.tlog
E:\Project_2017_VS\SimpleRecorderAndPlayer\Win_RecorderAndPlayer\Win_RecorderAndPlayer\Debug\mt.write.1.tlog
E:\Project_2017_VS\SimpleRecorderAndPlayer\Win_RecorderAndPlayer\Win_RecorderAndPlayer\Debug\rc.command.1.tlog
E:\Project_2017_VS\SimpleRecorderAndPlayer\Win_RecorderAndPlayer\Win_RecorderAndPlayer\Debug\rc.read.1.tlog
E:\Project_2017_VS\SimpleRecorderAndPlayer\Win_RecorderAndPlayer\Win_RecorderAndPlayer\Debug\rc.write.1.tlog
E:\PROJECT_2017_VS\SIMPLERECORDERANDPLAYER\WIN_RECORDERANDPLAYER\WIN_RECORDERANDPLAYER\DEBUG\SOURCE.OBJ
E:\Project_2017_VS\SimpleRecorderAndPlayer\Win_RecorderAndPlayer\Win_RecorderAndPlayer\Debug\vc100.idb
E:\PROJECT_2017_VS\SIMPLERECORDERANDPLAYER\WIN_RECORDERANDPLAYER\WIN_RECORDERANDPLAYER\DEBUG\VC100.PDB
E:\PROJECT_2017_VS\SIMPLERECORDERANDPLAYER\WIN_RECORDERANDPLAYER\WIN_RECORDERANDPLAYER\DEBUG\WIN_RECORDERANDPLAYER.EXE.EMBED.MANIFEST
E:\PROJECT_2017_VS\SIMPLERECORDERANDPLAYER\WIN_RECORDERANDPLAYER\WIN_RECORDERANDPLAYER\DEBUG\WIN_RECORDERANDPLAYER.EXE.EMBED.MANIFEST.RES
E:\PROJECT_2017_VS\SIMPLERECORDERANDPLAYER\WIN_RECORDERANDPLAYER\WIN_RECORDERANDPLAYER\DEBUG\WIN_RECORDERANDPLAYER.EXE.INTERMEDIATE.MANIFEST
E:\Project_2017_VS\SimpleRecorderAndPlayer\Win_RecorderAndPlayer\Win_RecorderAndPlayer\Debug\Win_RecorderAndPlayer.vcxprojResolveAssemblyReference.cache
E:\Project_2017_VS\SimpleRecorderAndPlayer\Win_RecorderAndPlayer\Win_RecorderAndPlayer\Debug\Win_RecorderAndPlayer.write.1.tlog
E:\Project_2017_VS\SimpleRecorderAndPlayer\Win_RecorderAndPlayer\Win_RecorderAndPlayer\Debug\Win_RecorderAndPlayer_manifest.rc
